#
# There is insufficient memory for the Java Runtime Environment to continue.
# Native memory allocation (malloc) failed to allocate 46656 bytes. Error detail: Chunk::new
# Possible reasons:
#   The system is out of physical RAM or swap space
#   This process is running with CompressedOops enabled, and the Java Heap may be blocking the growth of the native heap
# Possible solutions:
#   Reduce memory load on the system
#   Increase physical memory or swap space
#   Check if swap backing store is full
#   Decrease Java heap size (-Xmx/-Xms)
#   Decrease number of Java threads
#   Decrease Java thread stack sizes (-Xss)
#   Set larger code cache with -XX:ReservedCodeCacheSize=
#   JVM is running with Zero Based Compressed Oops mode in which the Java heap is
#     placed in the first 32GB address space. The Java Heap base address is the
#     maximum limit for the native heap growth. Please use -XX:HeapBaseMinAddress
#     to set the Java Heap base and to place the Java Heap above 32GB virtual address.
# This output file may be truncated or incomplete.
#
#  Out of Memory Error (arena.cpp:168), pid=12340, tid=14836
#
# JRE version: OpenJDK Runtime Environment JBR-21.0.6+9-895.109-jcef (21.0.6+9) (build 21.0.6+9-b895.109)
# Java VM: OpenJDK 64-Bit Server VM JBR-21.0.6+9-895.109-jcef (21.0.6+9-b895.109, mixed mode, sharing, tiered, compressed oops, compressed class ptrs, g1 gc, windows-amd64)
# No core dump will be written. Minidumps are not enabled by default on client versions of Windows
#

---------------  S U M M A R Y ------------

Command Line: git4idea.http.GitAskPassApp Username for 'https://github.com': 

Host: 11th Gen Intel(R) Core(TM) i5-11300H @ 3.10GHz, 8 cores, 15G,  Windows 10 , 64 bit Build 19041 (10.0.19041.5794)
Time: Fri May 30 17:17:53 2025 SE Asia Standard Time elapsed time: 0.328413 seconds (0d 0h 0m 0s)

---------------  T H R E A D  ---------------

Current thread (0x000002040f5fb110):  JavaThread "C2 CompilerThread0" daemon [_thread_in_native, id=14836, stack(0x0000001a1d100000,0x0000001a1d200000) (1024K)]


Current CompileTask:
C2:328 1011       4       sun.security.util.math.intpoly.IntegerPolynomial25519::carryReduce (639 bytes)

Stack: [0x0000001a1d100000,0x0000001a1d200000]
Native frames: (J=compiled Java code, j=interpreted, Vv=VM code, C=native code)
V  [jvm.dll+0x6e5cb9]
V  [jvm.dll+0x8c4113]
V  [jvm.dll+0x8c666e]
V  [jvm.dll+0x8c6d53]
V  [jvm.dll+0x288f76]
V  [jvm.dll+0xc66dd]
V  [jvm.dll+0xc6c13]
V  [jvm.dll+0x3c471b]
V  [jvm.dll+0x1e63f2]
V  [jvm.dll+0x250914]
V  [jvm.dll+0x24fd91]
V  [jvm.dll+0x1cd6c4]
V  [jvm.dll+0x25f60c]
V  [jvm.dll+0x25db56]
V  [jvm.dll+0x3ff796]
V  [jvm.dll+0x86bc68]
V  [jvm.dll+0x6e44bd]
C  [ucrtbase.dll+0x21bb2]
C  [KERNEL32.DLL+0x17374]
C  [ntdll.dll+0x4cc91]


---------------  P R O C E S S  ---------------

Threads class SMR info:
_java_thread_list=0x00000204551533d0, length=16, elements={
0x0000020472702150, 0x000002040f5efeb0, 0x000002040f5f1c00, 0x000002040f5f3f60,
0x000002040f5f6ab0, 0x000002040f5f75f0, 0x000002040f5fa2a0, 0x000002040f5fb110,
0x000002040f5fdca0, 0x000002040f88c090, 0x000002040f88f4f0, 0x000002040fac8d40,
0x000002040fb2d490, 0x0000020455184bd0, 0x000002045516df20, 0x00000204552149c0
}

Java Threads: ( => current thread )
  0x0000020472702150 JavaThread "main"                              [_thread_blocked, id=4256, stack(0x0000001a1c300000,0x0000001a1c400000) (1024K)]
  0x000002040f5efeb0 JavaThread "Reference Handler"          daemon [_thread_blocked, id=14936, stack(0x0000001a1cb00000,0x0000001a1cc00000) (1024K)]
  0x000002040f5f1c00 JavaThread "Finalizer"                  daemon [_thread_blocked, id=5628, stack(0x0000001a1cc00000,0x0000001a1cd00000) (1024K)]
  0x000002040f5f3f60 JavaThread "Signal Dispatcher"          daemon [_thread_blocked, id=13080, stack(0x0000001a1cd00000,0x0000001a1ce00000) (1024K)]
  0x000002040f5f6ab0 JavaThread "Attach Listener"            daemon [_thread_blocked, id=6752, stack(0x0000001a1ce00000,0x0000001a1cf00000) (1024K)]
  0x000002040f5f75f0 JavaThread "Service Thread"             daemon [_thread_blocked, id=788, stack(0x0000001a1cf00000,0x0000001a1d000000) (1024K)]
  0x000002040f5fa2a0 JavaThread "Monitor Deflation Thread"   daemon [_thread_blocked, id=13964, stack(0x0000001a1d000000,0x0000001a1d100000) (1024K)]
=>0x000002040f5fb110 JavaThread "C2 CompilerThread0"         daemon [_thread_in_native, id=14836, stack(0x0000001a1d100000,0x0000001a1d200000) (1024K)]
  0x000002040f5fdca0 JavaThread "C1 CompilerThread0"         daemon [_thread_blocked, id=7704, stack(0x0000001a1d200000,0x0000001a1d300000) (1024K)]
  0x000002040f88c090 JavaThread "Notification Thread"        daemon [_thread_blocked, id=15248, stack(0x0000001a1d300000,0x0000001a1d400000) (1024K)]
  0x000002040f88f4f0 JavaThread "Common-Cleaner"             daemon [_thread_blocked, id=1892, stack(0x0000001a1d400000,0x0000001a1d500000) (1024K)]
  0x000002040fac8d40 JavaThread "HttpClient-1-SelectorManager" daemon [_thread_in_native, id=14584, stack(0x0000001a1d500000,0x0000001a1d600000) (1024K)]
  0x000002040fb2d490 JavaThread "HttpClient-1-Worker-0"      daemon [_thread_in_Java, id=5552, stack(0x0000001a1d700000,0x0000001a1d800000) (1024K)]
  0x0000020455184bd0 JavaThread "HttpClient-1-Worker-1"      daemon [_thread_blocked, id=5368, stack(0x0000001a1d800000,0x0000001a1d900000) (1024K)]
  0x000002045516df20 JavaThread "C2 CompilerThread1"         daemon [_thread_in_native, id=2268, stack(0x0000001a1d900000,0x0000001a1da00000) (1024K)]
  0x00000204552149c0 JavaThread "C2 CompilerThread2"         daemon [_thread_in_native, id=13368, stack(0x0000001a1da00000,0x0000001a1db00000) (1024K)]
Total: 16

Other Threads:
  0x000002040f5d8d10 VMThread "VM Thread"                           [id=4896, stack(0x0000001a1ca00000,0x0000001a1cb00000) (1024K)]
  0x000002040f5c5830 WatcherThread "VM Periodic Task Thread"        [id=14428, stack(0x0000001a1c900000,0x0000001a1ca00000) (1024K)]
  0x00000204749c4d50 WorkerThread "GC Thread#0"                     [id=12496, stack(0x0000001a1c400000,0x0000001a1c500000) (1024K)]
  0x00000204749d6af0 ConcurrentGCThread "G1 Main Marker"            [id=13380, stack(0x0000001a1c500000,0x0000001a1c600000) (1024K)]
  0x00000204749d91a0 WorkerThread "G1 Conc#0"                       [id=8888, stack(0x0000001a1c600000,0x0000001a1c700000) (1024K)]
  0x000002040f496180 ConcurrentGCThread "G1 Refine#0"               [id=3752, stack(0x0000001a1c700000,0x0000001a1c800000) (1024K)]
  0x000002040f496b00 ConcurrentGCThread "G1 Service"                [id=13132, stack(0x0000001a1c800000,0x0000001a1c900000) (1024K)]
Total: 7

Threads with active compile tasks:
C2 CompilerThread0  349 1011       4       sun.security.util.math.intpoly.IntegerPolynomial25519::carryReduce (639 bytes)
C2 CompilerThread1  349 1058       4       sun.security.util.math.intpoly.IntegerPolynomialP256::mult (943 bytes)
C2 CompilerThread2  349 1059       4       sun.security.util.math.intpoly.IntegerPolynomial$MutableElement::setValue (6 bytes)
Total: 3

VM state: not at safepoint (normal execution)

VM Mutex/Monitor currently owned by a thread: None

Heap address: 0x0000000704000000, size: 4032 MB, Compressed Oops mode: Zero based, Oop shift amount: 3

CDS archive(s) mapped at: [0x0000020410000000-0x0000020410d00000-0x0000020410d00000), size 13631488, SharedBaseAddress: 0x0000020410000000, ArchiveRelocationMode: 1.
Compressed class space mapped at: 0x0000020411000000-0x0000020451000000, reserved size: 1073741824
Narrow klass base: 0x0000020410000000, Narrow klass shift: 0, Narrow klass range: 0x100000000

GC Precious Log:
 CardTable entry size: 512
 Card Set container configuration: InlinePtr #cards 4 size 8 Array Of Cards #cards 16 size 48 Howl #buckets 8 coarsen threshold 3686 Howl Bitmap #cards 512 size 80 coarsen threshold 460 Card regions per heap region 1 cards per card region 4096
 CPUs: 8 total, 8 available
 Memory: 16122M
 Large Page Support: Disabled
 NUMA Support: Disabled
 Compressed Oops: Enabled (Zero based)
 Heap Region Size: 2M
 Heap Min Capacity: 8M
 Heap Initial Capacity: 252M
 Heap Max Capacity: 4032M
 Pre-touch: Disabled
 Parallel Workers: 8
 Concurrent Workers: 2
 Concurrent Refinement Workers: 8
 Periodic GC: Disabled

Heap:
 garbage-first heap   total 258048K, used 14336K [0x0000000704000000, 0x0000000800000000)
  region size 2048K, 8 young (16384K), 0 survivors (0K)
 Metaspace       used 7964K, committed 8192K, reserved 1114112K
  class space    used 908K, committed 1024K, reserved 1048576K

Heap Regions: E=young(eden), S=young(survivor), O=old, HS=humongous(starts), HC=humongous(continues), CS=collection set, F=free, TAMS=top-at-mark-start, PB=parsable bottom
|   0|0x0000000704000000, 0x0000000704000000, 0x0000000704200000|  0%| F|  |TAMS 0x0000000704000000| PB 0x0000000704000000| Untracked 
|   1|0x0000000704200000, 0x0000000704200000, 0x0000000704400000|  0%| F|  |TAMS 0x0000000704200000| PB 0x0000000704200000| Untracked 
|   2|0x0000000704400000, 0x0000000704400000, 0x0000000704600000|  0%| F|  |TAMS 0x0000000704400000| PB 0x0000000704400000| Untracked 
|   3|0x0000000704600000, 0x0000000704600000, 0x0000000704800000|  0%| F|  |TAMS 0x0000000704600000| PB 0x0000000704600000| Untracked 
|   4|0x0000000704800000, 0x0000000704800000, 0x0000000704a00000|  0%| F|  |TAMS 0x0000000704800000| PB 0x0000000704800000| Untracked 
|   5|0x0000000704a00000, 0x0000000704a00000, 0x0000000704c00000|  0%| F|  |TAMS 0x0000000704a00000| PB 0x0000000704a00000| Untracked 
|   6|0x0000000704c00000, 0x0000000704c00000, 0x0000000704e00000|  0%| F|  |TAMS 0x0000000704c00000| PB 0x0000000704c00000| Untracked 
|   7|0x0000000704e00000, 0x0000000704e00000, 0x0000000705000000|  0%| F|  |TAMS 0x0000000704e00000| PB 0x0000000704e00000| Untracked 
|   8|0x0000000705000000, 0x0000000705000000, 0x0000000705200000|  0%| F|  |TAMS 0x0000000705000000| PB 0x0000000705000000| Untracked 
|   9|0x0000000705200000, 0x0000000705200000, 0x0000000705400000|  0%| F|  |TAMS 0x0000000705200000| PB 0x0000000705200000| Untracked 
|  10|0x0000000705400000, 0x0000000705400000, 0x0000000705600000|  0%| F|  |TAMS 0x0000000705400000| PB 0x0000000705400000| Untracked 
|  11|0x0000000705600000, 0x0000000705600000, 0x0000000705800000|  0%| F|  |TAMS 0x0000000705600000| PB 0x0000000705600000| Untracked 
|  12|0x0000000705800000, 0x0000000705800000, 0x0000000705a00000|  0%| F|  |TAMS 0x0000000705800000| PB 0x0000000705800000| Untracked 
|  13|0x0000000705a00000, 0x0000000705a00000, 0x0000000705c00000|  0%| F|  |TAMS 0x0000000705a00000| PB 0x0000000705a00000| Untracked 
|  14|0x0000000705c00000, 0x0000000705c00000, 0x0000000705e00000|  0%| F|  |TAMS 0x0000000705c00000| PB 0x0000000705c00000| Untracked 
|  15|0x0000000705e00000, 0x0000000705e00000, 0x0000000706000000|  0%| F|  |TAMS 0x0000000705e00000| PB 0x0000000705e00000| Untracked 
|  16|0x0000000706000000, 0x0000000706000000, 0x0000000706200000|  0%| F|  |TAMS 0x0000000706000000| PB 0x0000000706000000| Untracked 
|  17|0x0000000706200000, 0x0000000706200000, 0x0000000706400000|  0%| F|  |TAMS 0x0000000706200000| PB 0x0000000706200000| Untracked 
|  18|0x0000000706400000, 0x0000000706400000, 0x0000000706600000|  0%| F|  |TAMS 0x0000000706400000| PB 0x0000000706400000| Untracked 
|  19|0x0000000706600000, 0x0000000706600000, 0x0000000706800000|  0%| F|  |TAMS 0x0000000706600000| PB 0x0000000706600000| Untracked 
|  20|0x0000000706800000, 0x0000000706800000, 0x0000000706a00000|  0%| F|  |TAMS 0x0000000706800000| PB 0x0000000706800000| Untracked 
|  21|0x0000000706a00000, 0x0000000706a00000, 0x0000000706c00000|  0%| F|  |TAMS 0x0000000706a00000| PB 0x0000000706a00000| Untracked 
|  22|0x0000000706c00000, 0x0000000706c00000, 0x0000000706e00000|  0%| F|  |TAMS 0x0000000706c00000| PB 0x0000000706c00000| Untracked 
|  23|0x0000000706e00000, 0x0000000706e00000, 0x0000000707000000|  0%| F|  |TAMS 0x0000000706e00000| PB 0x0000000706e00000| Untracked 
|  24|0x0000000707000000, 0x0000000707000000, 0x0000000707200000|  0%| F|  |TAMS 0x0000000707000000| PB 0x0000000707000000| Untracked 
|  25|0x0000000707200000, 0x0000000707200000, 0x0000000707400000|  0%| F|  |TAMS 0x0000000707200000| PB 0x0000000707200000| Untracked 
|  26|0x0000000707400000, 0x0000000707400000, 0x0000000707600000|  0%| F|  |TAMS 0x0000000707400000| PB 0x0000000707400000| Untracked 
|  27|0x0000000707600000, 0x0000000707600000, 0x0000000707800000|  0%| F|  |TAMS 0x0000000707600000| PB 0x0000000707600000| Untracked 
|  28|0x0000000707800000, 0x0000000707800000, 0x0000000707a00000|  0%| F|  |TAMS 0x0000000707800000| PB 0x0000000707800000| Untracked 
|  29|0x0000000707a00000, 0x0000000707a00000, 0x0000000707c00000|  0%| F|  |TAMS 0x0000000707a00000| PB 0x0000000707a00000| Untracked 
|  30|0x0000000707c00000, 0x0000000707c00000, 0x0000000707e00000|  0%| F|  |TAMS 0x0000000707c00000| PB 0x0000000707c00000| Untracked 
|  31|0x0000000707e00000, 0x0000000707e00000, 0x0000000708000000|  0%| F|  |TAMS 0x0000000707e00000| PB 0x0000000707e00000| Untracked 
|  32|0x0000000708000000, 0x0000000708000000, 0x0000000708200000|  0%| F|  |TAMS 0x0000000708000000| PB 0x0000000708000000| Untracked 
|  33|0x0000000708200000, 0x0000000708200000, 0x0000000708400000|  0%| F|  |TAMS 0x0000000708200000| PB 0x0000000708200000| Untracked 
|  34|0x0000000708400000, 0x0000000708400000, 0x0000000708600000|  0%| F|  |TAMS 0x0000000708400000| PB 0x0000000708400000| Untracked 
|  35|0x0000000708600000, 0x0000000708600000, 0x0000000708800000|  0%| F|  |TAMS 0x0000000708600000| PB 0x0000000708600000| Untracked 
|  36|0x0000000708800000, 0x0000000708800000, 0x0000000708a00000|  0%| F|  |TAMS 0x0000000708800000| PB 0x0000000708800000| Untracked 
|  37|0x0000000708a00000, 0x0000000708a00000, 0x0000000708c00000|  0%| F|  |TAMS 0x0000000708a00000| PB 0x0000000708a00000| Untracked 
|  38|0x0000000708c00000, 0x0000000708c00000, 0x0000000708e00000|  0%| F|  |TAMS 0x0000000708c00000| PB 0x0000000708c00000| Untracked 
|  39|0x0000000708e00000, 0x0000000708e00000, 0x0000000709000000|  0%| F|  |TAMS 0x0000000708e00000| PB 0x0000000708e00000| Untracked 
|  40|0x0000000709000000, 0x0000000709000000, 0x0000000709200000|  0%| F|  |TAMS 0x0000000709000000| PB 0x0000000709000000| Untracked 
|  41|0x0000000709200000, 0x0000000709200000, 0x0000000709400000|  0%| F|  |TAMS 0x0000000709200000| PB 0x0000000709200000| Untracked 
|  42|0x0000000709400000, 0x0000000709400000, 0x0000000709600000|  0%| F|  |TAMS 0x0000000709400000| PB 0x0000000709400000| Untracked 
|  43|0x0000000709600000, 0x0000000709600000, 0x0000000709800000|  0%| F|  |TAMS 0x0000000709600000| PB 0x0000000709600000| Untracked 
|  44|0x0000000709800000, 0x0000000709800000, 0x0000000709a00000|  0%| F|  |TAMS 0x0000000709800000| PB 0x0000000709800000| Untracked 
|  45|0x0000000709a00000, 0x0000000709a00000, 0x0000000709c00000|  0%| F|  |TAMS 0x0000000709a00000| PB 0x0000000709a00000| Untracked 
|  46|0x0000000709c00000, 0x0000000709c00000, 0x0000000709e00000|  0%| F|  |TAMS 0x0000000709c00000| PB 0x0000000709c00000| Untracked 
|  47|0x0000000709e00000, 0x0000000709e00000, 0x000000070a000000|  0%| F|  |TAMS 0x0000000709e00000| PB 0x0000000709e00000| Untracked 
|  48|0x000000070a000000, 0x000000070a000000, 0x000000070a200000|  0%| F|  |TAMS 0x000000070a000000| PB 0x000000070a000000| Untracked 
|  49|0x000000070a200000, 0x000000070a200000, 0x000000070a400000|  0%| F|  |TAMS 0x000000070a200000| PB 0x000000070a200000| Untracked 
|  50|0x000000070a400000, 0x000000070a400000, 0x000000070a600000|  0%| F|  |TAMS 0x000000070a400000| PB 0x000000070a400000| Untracked 
|  51|0x000000070a600000, 0x000000070a600000, 0x000000070a800000|  0%| F|  |TAMS 0x000000070a600000| PB 0x000000070a600000| Untracked 
|  52|0x000000070a800000, 0x000000070a800000, 0x000000070aa00000|  0%| F|  |TAMS 0x000000070a800000| PB 0x000000070a800000| Untracked 
|  53|0x000000070aa00000, 0x000000070aa00000, 0x000000070ac00000|  0%| F|  |TAMS 0x000000070aa00000| PB 0x000000070aa00000| Untracked 
|  54|0x000000070ac00000, 0x000000070ac00000, 0x000000070ae00000|  0%| F|  |TAMS 0x000000070ac00000| PB 0x000000070ac00000| Untracked 
|  55|0x000000070ae00000, 0x000000070ae00000, 0x000000070b000000|  0%| F|  |TAMS 0x000000070ae00000| PB 0x000000070ae00000| Untracked 
|  56|0x000000070b000000, 0x000000070b000000, 0x000000070b200000|  0%| F|  |TAMS 0x000000070b000000| PB 0x000000070b000000| Untracked 
|  57|0x000000070b200000, 0x000000070b200000, 0x000000070b400000|  0%| F|  |TAMS 0x000000070b200000| PB 0x000000070b200000| Untracked 
|  58|0x000000070b400000, 0x000000070b400000, 0x000000070b600000|  0%| F|  |TAMS 0x000000070b400000| PB 0x000000070b400000| Untracked 
|  59|0x000000070b600000, 0x000000070b600000, 0x000000070b800000|  0%| F|  |TAMS 0x000000070b600000| PB 0x000000070b600000| Untracked 
|  60|0x000000070b800000, 0x000000070b800000, 0x000000070ba00000|  0%| F|  |TAMS 0x000000070b800000| PB 0x000000070b800000| Untracked 
|  61|0x000000070ba00000, 0x000000070ba00000, 0x000000070bc00000|  0%| F|  |TAMS 0x000000070ba00000| PB 0x000000070ba00000| Untracked 
|  62|0x000000070bc00000, 0x000000070bc00000, 0x000000070be00000|  0%| F|  |TAMS 0x000000070bc00000| PB 0x000000070bc00000| Untracked 
|  63|0x000000070be00000, 0x000000070be00000, 0x000000070c000000|  0%| F|  |TAMS 0x000000070be00000| PB 0x000000070be00000| Untracked 
|  64|0x000000070c000000, 0x000000070c000000, 0x000000070c200000|  0%| F|  |TAMS 0x000000070c000000| PB 0x000000070c000000| Untracked 
|  65|0x000000070c200000, 0x000000070c200000, 0x000000070c400000|  0%| F|  |TAMS 0x000000070c200000| PB 0x000000070c200000| Untracked 
|  66|0x000000070c400000, 0x000000070c400000, 0x000000070c600000|  0%| F|  |TAMS 0x000000070c400000| PB 0x000000070c400000| Untracked 
|  67|0x000000070c600000, 0x000000070c600000, 0x000000070c800000|  0%| F|  |TAMS 0x000000070c600000| PB 0x000000070c600000| Untracked 
|  68|0x000000070c800000, 0x000000070c800000, 0x000000070ca00000|  0%| F|  |TAMS 0x000000070c800000| PB 0x000000070c800000| Untracked 
|  69|0x000000070ca00000, 0x000000070ca00000, 0x000000070cc00000|  0%| F|  |TAMS 0x000000070ca00000| PB 0x000000070ca00000| Untracked 
|  70|0x000000070cc00000, 0x000000070cc00000, 0x000000070ce00000|  0%| F|  |TAMS 0x000000070cc00000| PB 0x000000070cc00000| Untracked 
|  71|0x000000070ce00000, 0x000000070ce00000, 0x000000070d000000|  0%| F|  |TAMS 0x000000070ce00000| PB 0x000000070ce00000| Untracked 
|  72|0x000000070d000000, 0x000000070d000000, 0x000000070d200000|  0%| F|  |TAMS 0x000000070d000000| PB 0x000000070d000000| Untracked 
|  73|0x000000070d200000, 0x000000070d200000, 0x000000070d400000|  0%| F|  |TAMS 0x000000070d200000| PB 0x000000070d200000| Untracked 
|  74|0x000000070d400000, 0x000000070d400000, 0x000000070d600000|  0%| F|  |TAMS 0x000000070d400000| PB 0x000000070d400000| Untracked 
|  75|0x000000070d600000, 0x000000070d600000, 0x000000070d800000|  0%| F|  |TAMS 0x000000070d600000| PB 0x000000070d600000| Untracked 
|  76|0x000000070d800000, 0x000000070d800000, 0x000000070da00000|  0%| F|  |TAMS 0x000000070d800000| PB 0x000000070d800000| Untracked 
|  77|0x000000070da00000, 0x000000070da00000, 0x000000070dc00000|  0%| F|  |TAMS 0x000000070da00000| PB 0x000000070da00000| Untracked 
|  78|0x000000070dc00000, 0x000000070dc00000, 0x000000070de00000|  0%| F|  |TAMS 0x000000070dc00000| PB 0x000000070dc00000| Untracked 
|  79|0x000000070de00000, 0x000000070de00000, 0x000000070e000000|  0%| F|  |TAMS 0x000000070de00000| PB 0x000000070de00000| Untracked 
|  80|0x000000070e000000, 0x000000070e000000, 0x000000070e200000|  0%| F|  |TAMS 0x000000070e000000| PB 0x000000070e000000| Untracked 
|  81|0x000000070e200000, 0x000000070e200000, 0x000000070e400000|  0%| F|  |TAMS 0x000000070e200000| PB 0x000000070e200000| Untracked 
|  82|0x000000070e400000, 0x000000070e400000, 0x000000070e600000|  0%| F|  |TAMS 0x000000070e400000| PB 0x000000070e400000| Untracked 
|  83|0x000000070e600000, 0x000000070e600000, 0x000000070e800000|  0%| F|  |TAMS 0x000000070e600000| PB 0x000000070e600000| Untracked 
|  84|0x000000070e800000, 0x000000070e800000, 0x000000070ea00000|  0%| F|  |TAMS 0x000000070e800000| PB 0x000000070e800000| Untracked 
|  85|0x000000070ea00000, 0x000000070ea00000, 0x000000070ec00000|  0%| F|  |TAMS 0x000000070ea00000| PB 0x000000070ea00000| Untracked 
|  86|0x000000070ec00000, 0x000000070ec00000, 0x000000070ee00000|  0%| F|  |TAMS 0x000000070ec00000| PB 0x000000070ec00000| Untracked 
|  87|0x000000070ee00000, 0x000000070ee00000, 0x000000070f000000|  0%| F|  |TAMS 0x000000070ee00000| PB 0x000000070ee00000| Untracked 
|  88|0x000000070f000000, 0x000000070f000000, 0x000000070f200000|  0%| F|  |TAMS 0x000000070f000000| PB 0x000000070f000000| Untracked 
|  89|0x000000070f200000, 0x000000070f200000, 0x000000070f400000|  0%| F|  |TAMS 0x000000070f200000| PB 0x000000070f200000| Untracked 
|  90|0x000000070f400000, 0x000000070f400000, 0x000000070f600000|  0%| F|  |TAMS 0x000000070f400000| PB 0x000000070f400000| Untracked 
|  91|0x000000070f600000, 0x000000070f600000, 0x000000070f800000|  0%| F|  |TAMS 0x000000070f600000| PB 0x000000070f600000| Untracked 
|  92|0x000000070f800000, 0x000000070f800000, 0x000000070fa00000|  0%| F|  |TAMS 0x000000070f800000| PB 0x000000070f800000| Untracked 
|  93|0x000000070fa00000, 0x000000070fa00000, 0x000000070fc00000|  0%| F|  |TAMS 0x000000070fa00000| PB 0x000000070fa00000| Untracked 
|  94|0x000000070fc00000, 0x000000070fc00000, 0x000000070fe00000|  0%| F|  |TAMS 0x000000070fc00000| PB 0x000000070fc00000| Untracked 
|  95|0x000000070fe00000, 0x000000070fe00000, 0x0000000710000000|  0%| F|  |TAMS 0x000000070fe00000| PB 0x000000070fe00000| Untracked 
|  96|0x0000000710000000, 0x0000000710000000, 0x0000000710200000|  0%| F|  |TAMS 0x0000000710000000| PB 0x0000000710000000| Untracked 
|  97|0x0000000710200000, 0x0000000710200000, 0x0000000710400000|  0%| F|  |TAMS 0x0000000710200000| PB 0x0000000710200000| Untracked 
|  98|0x0000000710400000, 0x0000000710400000, 0x0000000710600000|  0%| F|  |TAMS 0x0000000710400000| PB 0x0000000710400000| Untracked 
|  99|0x0000000710600000, 0x0000000710600000, 0x0000000710800000|  0%| F|  |TAMS 0x0000000710600000| PB 0x0000000710600000| Untracked 
| 100|0x0000000710800000, 0x0000000710800000, 0x0000000710a00000|  0%| F|  |TAMS 0x0000000710800000| PB 0x0000000710800000| Untracked 
| 101|0x0000000710a00000, 0x0000000710a00000, 0x0000000710c00000|  0%| F|  |TAMS 0x0000000710a00000| PB 0x0000000710a00000| Untracked 
| 102|0x0000000710c00000, 0x0000000710c00000, 0x0000000710e00000|  0%| F|  |TAMS 0x0000000710c00000| PB 0x0000000710c00000| Untracked 
| 103|0x0000000710e00000, 0x0000000710e00000, 0x0000000711000000|  0%| F|  |TAMS 0x0000000710e00000| PB 0x0000000710e00000| Untracked 
| 104|0x0000000711000000, 0x0000000711000000, 0x0000000711200000|  0%| F|  |TAMS 0x0000000711000000| PB 0x0000000711000000| Untracked 
| 105|0x0000000711200000, 0x0000000711200000, 0x0000000711400000|  0%| F|  |TAMS 0x0000000711200000| PB 0x0000000711200000| Untracked 
| 106|0x0000000711400000, 0x0000000711400000, 0x0000000711600000|  0%| F|  |TAMS 0x0000000711400000| PB 0x0000000711400000| Untracked 
| 107|0x0000000711600000, 0x0000000711600000, 0x0000000711800000|  0%| F|  |TAMS 0x0000000711600000| PB 0x0000000711600000| Untracked 
| 108|0x0000000711800000, 0x0000000711800000, 0x0000000711a00000|  0%| F|  |TAMS 0x0000000711800000| PB 0x0000000711800000| Untracked 
| 109|0x0000000711a00000, 0x0000000711a00000, 0x0000000711c00000|  0%| F|  |TAMS 0x0000000711a00000| PB 0x0000000711a00000| Untracked 
| 110|0x0000000711c00000, 0x0000000711c00000, 0x0000000711e00000|  0%| F|  |TAMS 0x0000000711c00000| PB 0x0000000711c00000| Untracked 
| 111|0x0000000711e00000, 0x0000000711e00000, 0x0000000712000000|  0%| F|  |TAMS 0x0000000711e00000| PB 0x0000000711e00000| Untracked 
| 112|0x0000000712000000, 0x0000000712000000, 0x0000000712200000|  0%| F|  |TAMS 0x0000000712000000| PB 0x0000000712000000| Untracked 
| 113|0x0000000712200000, 0x0000000712200000, 0x0000000712400000|  0%| F|  |TAMS 0x0000000712200000| PB 0x0000000712200000| Untracked 
| 114|0x0000000712400000, 0x0000000712400000, 0x0000000712600000|  0%| F|  |TAMS 0x0000000712400000| PB 0x0000000712400000| Untracked 
| 115|0x0000000712600000, 0x0000000712600000, 0x0000000712800000|  0%| F|  |TAMS 0x0000000712600000| PB 0x0000000712600000| Untracked 
| 116|0x0000000712800000, 0x0000000712800000, 0x0000000712a00000|  0%| F|  |TAMS 0x0000000712800000| PB 0x0000000712800000| Untracked 
| 117|0x0000000712a00000, 0x0000000712a00000, 0x0000000712c00000|  0%| F|  |TAMS 0x0000000712a00000| PB 0x0000000712a00000| Untracked 
| 118|0x0000000712c00000, 0x0000000712c729b8, 0x0000000712e00000| 22%| E|  |TAMS 0x0000000712c00000| PB 0x0000000712c00000| Complete 
| 119|0x0000000712e00000, 0x0000000713000000, 0x0000000713000000|100%| E|CS|TAMS 0x0000000712e00000| PB 0x0000000712e00000| Complete 
| 120|0x0000000713000000, 0x0000000713200000, 0x0000000713200000|100%| E|CS|TAMS 0x0000000713000000| PB 0x0000000713000000| Complete 
| 121|0x0000000713200000, 0x0000000713400000, 0x0000000713400000|100%| E|CS|TAMS 0x0000000713200000| PB 0x0000000713200000| Complete 
| 122|0x0000000713400000, 0x0000000713600000, 0x0000000713600000|100%| E|CS|TAMS 0x0000000713400000| PB 0x0000000713400000| Complete 
| 123|0x0000000713600000, 0x0000000713800000, 0x0000000713800000|100%| E|CS|TAMS 0x0000000713600000| PB 0x0000000713600000| Complete 
| 124|0x0000000713800000, 0x0000000713a00000, 0x0000000713a00000|100%| E|CS|TAMS 0x0000000713800000| PB 0x0000000713800000| Complete 
| 125|0x0000000713a00000, 0x0000000713c00000, 0x0000000713c00000|100%| E|CS|TAMS 0x0000000713a00000| PB 0x0000000713a00000| Complete 

Card table byte_map: [0x00000204794b0000,0x0000020479c90000] _byte_map_base: 0x0000020475c90000

Marking Bits: (CMBitMap*) 0x00000204749c5450
 Bits: [0x0000020479c90000, 0x000002047db90000)

Polling page: 0x0000020472820000

Metaspace:

Usage:
  Non-class:      6.90 MB used.
      Class:    908.93 KB used.
       Both:      7.79 MB used.

Virtual space:
  Non-class space:       64.00 MB reserved,       7.06 MB ( 11%) committed,  1 nodes.
      Class space:        1.00 GB reserved,       1.00 MB ( <1%) committed,  1 nodes.
             Both:        1.06 GB reserved,       8.06 MB ( <1%) committed. 

Chunk freelists:
   Non-Class:  8.42 MB
       Class:  15.00 MB
        Both:  23.42 MB

MaxMetaspaceSize: unlimited
CompressedClassSpaceSize: 1.00 GB
Initial GC threshold: 21.00 MB
Current GC threshold: 21.00 MB
CDS: on
 - commit_granule_bytes: 65536.
 - commit_granule_words: 8192.
 - virtual_space_node_default_size: 8388608.
 - enlarge_chunks_in_place: 1.
 - use_allocation_guard: 0.


Internal statistics:

num_allocs_failed_limit: 0.
num_arena_births: 224.
num_arena_deaths: 0.
num_vsnodes_births: 2.
num_vsnodes_deaths: 0.
num_space_committed: 129.
num_space_uncommitted: 0.
num_chunks_returned_to_freelist: 0.
num_chunks_taken_from_freelist: 374.
num_chunk_merges: 0.
num_chunk_splits: 216.
num_chunks_enlarged: 95.
num_inconsistent_stats: 0.

CodeHeap 'non-profiled nmethods': size=120000Kb used=350Kb max_used=350Kb free=119649Kb
 bounds [0x0000020407ad0000, 0x0000020407d40000, 0x000002040f000000]
CodeHeap 'profiled nmethods': size=120000Kb used=1666Kb max_used=1666Kb free=118334Kb
 bounds [0x0000020400000000, 0x0000020400270000, 0x0000020407530000]
CodeHeap 'non-nmethods': size=5760Kb used=1573Kb max_used=1588Kb free=4186Kb
 bounds [0x0000020407530000, 0x00000204077a0000, 0x0000020407ad0000]
 total_blobs=1579 nmethods=1068 adapters=416
 compilation: enabled
              stopped_count=0, restarted_count=0
 full_count=0

Compilation events (20 events):
Event: 0.326 Thread 0x000002040f5fb110 1011       4       sun.security.util.math.intpoly.IntegerPolynomial25519::carryReduce (639 bytes)
Event: 0.326 Thread 0x000002040f5fdca0 nmethod 1005 0x000002040017cf90 code [0x000002040017d180, 0x000002040017d6d0]
Event: 0.326 Thread 0x000002040f5fdca0 1003       3       sun.security.util.math.intpoly.IntegerPolynomial$MutableElement::setDifference (6 bytes)
Event: 0.326 Thread 0x000002040f5fdca0 nmethod 1003 0x000002040017d890 code [0x000002040017da40, 0x000002040017db80]
Event: 0.326 Thread 0x000002040f5fdca0 1006       3       sun.security.util.math.intpoly.IntegerPolynomial$MutableElement::setSum (6 bytes)
Event: 0.326 Thread 0x000002040f5fdca0 nmethod 1006 0x000002040017dc10 code [0x000002040017ddc0, 0x000002040017df00]
Event: 0.326 Thread 0x000002040f5fdca0 1008       3       sun.security.util.math.intpoly.IntegerPolynomial$MutableElement::setSquare (5 bytes)
Event: 0.326 Thread 0x000002040f5fdca0 nmethod 1008 0x000002040017df90 code [0x000002040017e140, 0x000002040017e280]
Event: 0.326 Thread 0x000002040f5fdca0 1009       3       sun.security.util.math.intpoly.IntegerPolynomial$MutableElement::setSquare (52 bytes)
Event: 0.326 Thread 0x000002040f5fdca0 nmethod 1009 0x000002040017e310 code [0x000002040017e4e0, 0x000002040017e7f0]
Event: 0.326 Thread 0x000002040f5fdca0 1014       3       sun.security.util.math.intpoly.IntegerPolynomial::conditionalSwap (56 bytes)
Event: 0.326 Thread 0x000002040f5fdca0 nmethod 1014 0x000002040017e910 code [0x000002040017eac0, 0x000002040017ecb8]
Event: 0.326 Thread 0x000002040f5fdca0 1010       3       sun.security.util.math.intpoly.IntegerPolynomial25519::square (613 bytes)
Event: 0.326 Thread 0x000002040f5fdca0 nmethod 1010 0x000002040017ee10 code [0x000002040017efe0, 0x000002040017f848]
Event: 0.326 Thread 0x000002040f5fdca0 1012       3       sun.security.ec.XECOperations::cswap (9 bytes)
Event: 0.326 Thread 0x000002040f5fdca0 nmethod 1012 0x000002040017fa90 code [0x000002040017fc40, 0x000002040017fdb0]
Event: 0.326 Thread 0x000002040f5fdca0 1013       3       sun.security.util.math.intpoly.IntegerPolynomial$MutableElement::conditionalSwapWith (65 bytes)
Event: 0.326 Thread 0x000002040f5fdca0 nmethod 1013 0x000002040017fe90 code [0x0000020400180040, 0x00000204001802b8]
Event: 0.327 Thread 0x000002040f5fdca0 1015       3       java.math.BigInteger::testBit (38 bytes)
Event: 0.327 Thread 0x000002040f5fdca0 nmethod 1015 0x0000020400180390 code [0x0000020400180560, 0x0000020400180810]

GC Heap History (0 events):
No events

Dll operation events (2 events):
Event: 0.005 Loaded shared library C:\Program Files\JetBrains\IntelliJ IDEA 2024.3.5\jbr\bin\java.dll
Event: 0.038 Loaded shared library C:\Program Files\JetBrains\IntelliJ IDEA 2024.3.5\jbr\bin\zip.dll

Deoptimization events (18 events):
Event: 0.112 Thread 0x0000020472702150 Uncommon trap: trap_request=0xffffff45 fr.pc=0x0000020407ae4114 relative=0x0000000000000074
Event: 0.112 Thread 0x0000020472702150 Uncommon trap: reason=unstable_if action=reinterpret pc=0x0000020407ae4114 method=java.lang.CharacterDataLatin1.toLowerCase(I)I @ 16 c2
Event: 0.112 Thread 0x0000020472702150 DEOPT PACKING pc=0x0000020407ae4114 sp=0x0000001a1c3fb280
Event: 0.112 Thread 0x0000020472702150 DEOPT UNPACKING pc=0x0000020407587da2 sp=0x0000001a1c3fb210 mode 2
Event: 0.153 Thread 0x0000020472702150 DEOPT PACKING pc=0x000002040003e687 sp=0x0000001a1c3fe040
Event: 0.153 Thread 0x0000020472702150 DEOPT UNPACKING pc=0x00000204075888e2 sp=0x0000001a1c3fd4d8 mode 0
Event: 0.197 Thread 0x0000020472702150 DEOPT PACKING pc=0x00000204000184cc sp=0x0000001a1c3fac60
Event: 0.197 Thread 0x0000020472702150 DEOPT UNPACKING pc=0x00000204075888e2 sp=0x0000001a1c3fa080 mode 0
Event: 0.230 Thread 0x0000020472702150 DEOPT PACKING pc=0x00000204000168cc sp=0x0000001a1c3f8b00
Event: 0.230 Thread 0x0000020472702150 DEOPT UNPACKING pc=0x00000204075888e2 sp=0x0000001a1c3f7f68 mode 0
Event: 0.265 Thread 0x0000020472702150 Uncommon trap: trap_request=0xffffff45 fr.pc=0x0000020407af3ac8 relative=0x0000000000000188
Event: 0.265 Thread 0x0000020472702150 Uncommon trap: reason=unstable_if action=reinterpret pc=0x0000020407af3ac8 method=java.lang.invoke.VarHandle.checkAccessModeThenIsDirect(Ljava/lang/invoke/VarHandle$AccessDescriptor;)Z @ 4 c2
Event: 0.265 Thread 0x0000020472702150 DEOPT PACKING pc=0x0000020407af3ac8 sp=0x0000001a1c3ff0d0
Event: 0.265 Thread 0x0000020472702150 DEOPT UNPACKING pc=0x0000020407587da2 sp=0x0000001a1c3ff0a0 mode 2
Event: 0.289 Thread 0x000002040fac8d40 Uncommon trap: trap_request=0xffffff45 fr.pc=0x0000020407b0d13c relative=0x00000000000002bc
Event: 0.289 Thread 0x000002040fac8d40 Uncommon trap: reason=unstable_if action=reinterpret pc=0x0000020407b0d13c method=java.lang.invoke.VarHandle.checkAccessModeThenIsDirect(Ljava/lang/invoke/VarHandle$AccessDescriptor;)Z @ 4 c2
Event: 0.289 Thread 0x000002040fac8d40 DEOPT PACKING pc=0x0000020407b0d13c sp=0x0000001a1d5ff0d0
Event: 0.289 Thread 0x000002040fac8d40 DEOPT UNPACKING pc=0x0000020407587da2 sp=0x0000001a1d5ff028 mode 2

Classes loaded (20 events):
Event: 0.323 Loading class sun/security/jca/JCAUtil
Event: 0.323 Loading class sun/security/jca/JCAUtil done
Event: 0.323 Loading class sun/security/jca/JCAUtil$CachedSecureRandomHolder
Event: 0.323 Loading class sun/security/jca/JCAUtil$CachedSecureRandomHolder done
Event: 0.323 Loading class sun/security/util/math/intpoly/IntegerPolynomial$MutableElement
Event: 0.323 Loading class sun/security/util/math/MutableIntegerModuloP
Event: 0.323 Loading class sun/security/util/math/MutableIntegerModuloP done
Event: 0.324 Loading class sun/security/util/math/intpoly/IntegerPolynomial$MutableElement done
Event: 0.326 Loading class sun/security/util/math/IntegerModuloP$MultiplicativeInverser
Event: 0.326 Loading class sun/security/util/math/IntegerModuloP$MultiplicativeInverser done
Event: 0.326 Loading class sun/security/util/math/intpoly/IntegerPolynomialP256
Event: 0.326 Loading class sun/security/util/math/intpoly/IntegerPolynomialP256 done
Event: 0.326 Loading class sun/security/util/math/intpoly/P256OrderField
Event: 0.326 Loading class sun/security/util/math/intpoly/P256OrderField done
Event: 0.327 Loading class sun/security/util/math/IntegerModuloP$MultiplicativeInverser$Default
Event: 0.327 Loading class sun/security/util/math/IntegerModuloP$MultiplicativeInverser$Default done
Event: 0.327 Loading class java/math/MutableBigInteger
Event: 0.327 Loading class java/math/MutableBigInteger done
Event: 0.327 Loading class java/security/KeyPair
Event: 0.327 Loading class java/security/KeyPair done

Classes unloaded (0 events):
No events

Classes redefined (0 events):
No events

Internal exceptions (20 events):
Event: 0.189 Thread 0x0000020472702150 Exception <a 'java/lang/NoSuchMethodError'{0x000000071350d658}: 'int java.lang.invoke.DirectMethodHandle$Holder.invokeStaticInit(java.lang.Object, int, int)'> (0x000000071350d658) 
thrown [s\src\hotspot\share\interpreter\linkResolver.cpp, line 784]
Event: 0.190 Thread 0x0000020472702150 Exception <a 'java/lang/NoSuchMethodError'{0x0000000713514c68}: 'int java.lang.invoke.DirectMethodHandle$Holder.invokeStaticInit(java.lang.Object, long, long)'> (0x0000000713514c68) 
thrown [s\src\hotspot\share\interpreter\linkResolver.cpp, line 784]
Event: 0.190 Thread 0x0000020472702150 Exception <a 'java/lang/NoSuchMethodError'{0x000000071351b700}: 'int java.lang.invoke.DirectMethodHandle$Holder.invokeStaticInit(java.lang.Object, float, float)'> (0x000000071351b700) 
thrown [s\src\hotspot\share\interpreter\linkResolver.cpp, line 784]
Event: 0.190 Thread 0x0000020472702150 Exception <a 'java/lang/NoSuchMethodError'{0x0000000713522190}: 'int java.lang.invoke.DirectMethodHandle$Holder.invokeStaticInit(java.lang.Object, double, double)'> (0x0000000713522190) 
thrown [s\src\hotspot\share\interpreter\linkResolver.cpp, line 784]
Event: 0.190 Thread 0x0000020472702150 Exception <a 'java/lang/NoSuchMethodError'{0x0000000713526818}: 'int java.lang.invoke.DirectMethodHandle$Holder.invokeStatic(java.lang.Object, long)'> (0x0000000713526818) 
thrown [s\src\hotspot\share\interpreter\linkResolver.cpp, line 784]
Event: 0.194 Thread 0x0000020472702150 Exception <a 'java/lang/NoSuchMethodError'{0x0000000713550390}: 'java.lang.Object java.lang.invoke.DirectMethodHandle$Holder.invokeSpecial(java.lang.Object, java.lang.Object, int, java.lang.Object, java.lang.Object)'> (0x0000000713550390) 
thrown [s\src\hotspot\share\interpreter\linkResolver.cpp, line 784]
Event: 0.195 Thread 0x0000020472702150 Exception <a 'java/lang/NoSuchMethodError'{0x0000000713553d20}: 'java.lang.Object java.lang.invoke.DelegatingMethodHandle$Holder.delegate(java.lang.Object, int, java.lang.Object, java.lang.Object)'> (0x0000000713553d20) 
thrown [s\src\hotspot\share\interpreter\linkResolver.cpp, line 784]
Event: 0.196 Thread 0x0000020472702150 Exception <a 'java/lang/NoSuchMethodError'{0x0000000713563290}: 'int java.lang.invoke.Invokers$Holder.linkToTargetMethod(java.lang.Object, java.lang.Object, java.lang.Object)'> (0x0000000713563290) 
thrown [s\src\hotspot\share\interpreter\linkResolver.cpp, line 784]
Event: 0.198 Thread 0x0000020472702150 Exception <a 'java/lang/NoSuchMethodError'{0x0000000713595070}: 'long java.lang.invoke.DirectMethodHandle$Holder.invokeSpecial(java.lang.Object, java.lang.Object)'> (0x0000000713595070) 
thrown [s\src\hotspot\share\interpreter\linkResolver.cpp, line 784]
Event: 0.199 Thread 0x0000020472702150 Exception <a 'java/lang/NoSuchMethodError'{0x000000071359b940}: 'int java.lang.invoke.DirectMethodHandle$Holder.invokeStatic(java.lang.Object, java.lang.Object, java.lang.Object, java.lang.Object)'> (0x000000071359b940) 
thrown [s\src\hotspot\share\interpreter\linkResolver.cpp, line 784]
Event: 0.199 Thread 0x0000020472702150 Exception <a 'java/lang/NoSuchMethodError'{0x000000071359ed60}: 'java.lang.Object java.lang.invoke.Invokers$Holder.invokeExact_MT(java.lang.Object, java.lang.Object, java.lang.Object, java.lang.Object, java.lang.Object, java.lang.Object)'> (0x000000071359ed60) 
thrown [s\src\hotspot\share\interpreter\linkResolver.cpp, line 784]
Event: 0.256 Thread 0x0000020472702150 Exception <a 'java/lang/NoSuchMethodError'{0x00000007133edd90}: 'java.lang.Object java.lang.invoke.DirectMethodHandle$Holder.newInvokeSpecial(java.lang.Object, java.lang.Object, java.lang.Object, java.lang.Object, java.lang.Object)'> (0x00000007133edd90) 
thrown [s\src\hotspot\share\interpreter\linkResolver.cpp, line 784]
Event: 0.276 Thread 0x0000020472702150 Exception <a 'java/lang/NoSuchMethodError'{0x0000000713175028}: 'java.lang.Object java.lang.invoke.DirectMethodHandle$Holder.invokeSpecial(java.lang.Object, java.lang.Object, java.lang.Object, java.lang.Object, int)'> (0x0000000713175028) 
thrown [s\src\hotspot\share\interpreter\linkResolver.cpp, line 784]
Event: 0.276 Thread 0x0000020472702150 Exception <a 'java/lang/NoSuchMethodError'{0x0000000713178990}: 'java.lang.Object java.lang.invoke.Invokers$Holder.linkToTargetMethod(java.lang.Object, java.lang.Object, int, java.lang.Object)'> (0x0000000713178990) 
thrown [s\src\hotspot\share\interpreter\linkResolver.cpp, line 784]
Event: 0.280 Thread 0x0000020472702150 Exception <a 'java/lang/NoSuchMethodError'{0x00000007131a72a8}: 'void java.lang.invoke.DirectMethodHandle$Holder.invokeSpecial(java.lang.Object, java.lang.Object, java.lang.Object)'> (0x00000007131a72a8) 
thrown [s\src\hotspot\share\interpreter\linkResolver.cpp, line 784]
Event: 0.291 Thread 0x000002040fac8d40 Exception <a 'java/lang/NoSuchMethodError'{0x00000007133738a8}: 'void java.lang.invoke.DirectMethodHandle$Holder.invokeStatic(java.lang.Object, java.lang.Object, int)'> (0x00000007133738a8) 
thrown [s\src\hotspot\share\interpreter\linkResolver.cpp, line 784]
Event: 0.291 Thread 0x0000020472702150 Exception <a 'java/lang/NoSuchMethodError'{0x0000000712e374c0}: 'void java.lang.invoke.DirectMethodHandle$Holder.invokeSpecial(java.lang.Object, java.lang.Object, java.lang.Object, java.lang.Object, java.lang.Object)'> (0x0000000712e374c0) 
thrown [s\src\hotspot\share\interpreter\linkResolver.cpp, line 784]
Event: 0.297 Thread 0x000002040fac8d40 Exception <a 'java/lang/NoSuchMethodError'{0x00000007133ad5a0}: 'void java.lang.invoke.DirectMethodHandle$Holder.invokeStatic(java.lang.Object, java.lang.Object)'> (0x00000007133ad5a0) 
thrown [s\src\hotspot\share\interpreter\linkResolver.cpp, line 784]
Event: 0.298 Thread 0x000002040fb2d490 Exception <a 'java/lang/NoSuchMethodError'{0x0000000712e94f38}: 'void java.lang.invoke.DirectMethodHandle$Holder.invokeInterface(java.lang.Object, java.lang.Object, java.lang.Object)'> (0x0000000712e94f38) 
thrown [s\src\hotspot\share\interpreter\linkResolver.cpp, line 784]
Event: 0.303 Thread 0x000002040fb2d490 Exception <a 'java/lang/NoSuchMethodError'{0x0000000712ee43f0}: 'void java.lang.invoke.DirectMethodHandle$Holder.invokeVirtual(java.lang.Object, java.lang.Object)'> (0x0000000712ee43f0) 
thrown [s\src\hotspot\share\interpreter\linkResolver.cpp, line 784]

ZGC Phase Switch (0 events):
No events

VM Operations (8 events):
Event: 0.048 Executing VM operation: HandshakeAllThreads (Deoptimize)
Event: 0.048 Executing VM operation: HandshakeAllThreads (Deoptimize) done
Event: 0.052 Executing VM operation: HandshakeAllThreads (Deoptimize)
Event: 0.052 Executing VM operation: HandshakeAllThreads (Deoptimize) done
Event: 0.149 Executing VM operation: HandshakeAllThreads (Deoptimize)
Event: 0.149 Executing VM operation: HandshakeAllThreads (Deoptimize) done
Event: 0.293 Executing VM operation: HandshakeAllThreads (Deoptimize)
Event: 0.293 Executing VM operation: HandshakeAllThreads (Deoptimize) done

Memory protections (0 events):
No events

Nmethod flushes (0 events):
No events

Events (20 events):
Event: 0.016 Thread 0x0000020472702150 Thread added: 0x0000020472702150
Event: 0.026 Thread 0x0000020472702150 Thread added: 0x000002040f5efeb0
Event: 0.026 Thread 0x0000020472702150 Thread added: 0x000002040f5f1c00
Event: 0.026 Thread 0x0000020472702150 Thread added: 0x000002040f5f3f60
Event: 0.026 Thread 0x0000020472702150 Thread added: 0x000002040f5f6ab0
Event: 0.026 Thread 0x0000020472702150 Thread added: 0x000002040f5f75f0
Event: 0.026 Thread 0x0000020472702150 Thread added: 0x000002040f5fa2a0
Event: 0.026 Thread 0x0000020472702150 Thread added: 0x000002040f5fb110
Event: 0.027 Thread 0x0000020472702150 Thread added: 0x000002040f5fdca0
Event: 0.037 Thread 0x0000020472702150 Thread added: 0x000002040f88c090
Event: 0.039 Thread 0x0000020472702150 Thread added: 0x000002040f88f4f0
Event: 0.041 Loaded shared library C:\Program Files\JetBrains\IntelliJ IDEA 2024.3.5\jbr\bin\net.dll
Event: 0.042 Loaded shared library C:\Program Files\JetBrains\IntelliJ IDEA 2024.3.5\jbr\bin\nio.dll
Event: 0.044 Loaded shared library C:\Program Files\JetBrains\IntelliJ IDEA 2024.3.5\jbr\bin\zip.dll
Event: 0.079 Loaded shared library C:\Program Files\JetBrains\IntelliJ IDEA 2024.3.5\jbr\bin\jimage.dll
Event: 0.087 Loaded shared library C:\Program Files\JetBrains\IntelliJ IDEA 2024.3.5\jbr\bin\sunmscapi.dll
Event: 0.249 Loaded shared library C:\Program Files\JetBrains\IntelliJ IDEA 2024.3.5\jbr\bin\extnet.dll
Event: 0.253 Thread 0x0000020472702150 Thread added: 0x000002040fac8d40
Event: 0.296 Thread 0x000002040fac8d40 Thread added: 0x000002040fb2d490
Event: 0.307 Thread 0x000002040fac8d40 Thread added: 0x0000020455184bd0


Dynamic libraries:
0x00007ff74ace0000 - 0x00007ff74acea000 	C:\Program Files\JetBrains\IntelliJ IDEA 2024.3.5\jbr\bin\java.exe
0x00007ffeaf3d0000 - 0x00007ffeaf5c8000 	C:\WINDOWS\SYSTEM32\ntdll.dll
0x00007ffeaf220000 - 0x00007ffeaf2e2000 	C:\WINDOWS\System32\KERNEL32.DLL
0x00007ffeacf50000 - 0x00007ffead246000 	C:\WINDOWS\System32\KERNELBASE.dll
0x00007ffeacc80000 - 0x00007ffeacd80000 	C:\WINDOWS\System32\ucrtbase.dll
0x00007ffea3fb0000 - 0x00007ffea3fc8000 	C:\Program Files\JetBrains\IntelliJ IDEA 2024.3.5\jbr\bin\jli.dll
0x00007ffea7860000 - 0x00007ffea787b000 	C:\Program Files\JetBrains\IntelliJ IDEA 2024.3.5\jbr\bin\VCRUNTIME140.dll
0x00007ffeadd40000 - 0x00007ffeadedd000 	C:\WINDOWS\System32\USER32.dll
0x00007ffe8daa0000 - 0x00007ffe8dd3a000 	C:\WINDOWS\WinSxS\amd64_microsoft.windows.common-controls_6595b64144ccf1df_6.0.19041.5794_none_60bcd33171f2783c\COMCTL32.dll
0x00007ffeaca70000 - 0x00007ffeaca92000 	C:\WINDOWS\System32\win32u.dll
0x00007ffeaf2f0000 - 0x00007ffeaf38e000 	C:\WINDOWS\System32\msvcrt.dll
0x00007ffeaef80000 - 0x00007ffeaefab000 	C:\WINDOWS\System32\GDI32.dll
0x00007ffeace30000 - 0x00007ffeacf4a000 	C:\WINDOWS\System32\gdi32full.dll
0x00007ffead2d0000 - 0x00007ffead36d000 	C:\WINDOWS\System32\msvcp_win.dll
0x00007ffeaefb0000 - 0x00007ffeaefdf000 	C:\WINDOWS\System32\IMM32.DLL
0x00007ffea9cc0000 - 0x00007ffea9ccc000 	C:\Program Files\JetBrains\IntelliJ IDEA 2024.3.5\jbr\bin\vcruntime140_1.dll
0x00007ffe69210000 - 0x00007ffe6929d000 	C:\Program Files\JetBrains\IntelliJ IDEA 2024.3.5\jbr\bin\msvcp140.dll
0x00007ffe36070000 - 0x00007ffe36e31000 	C:\Program Files\JetBrains\IntelliJ IDEA 2024.3.5\jbr\bin\server\jvm.dll
0x00007ffead6f0000 - 0x00007ffead79f000 	C:\WINDOWS\System32\ADVAPI32.dll
0x00007ffeae360000 - 0x00007ffeae3ff000 	C:\WINDOWS\System32\sechost.dll
0x00007ffeaee50000 - 0x00007ffeaef73000 	C:\WINDOWS\System32\RPCRT4.dll
0x00007ffead250000 - 0x00007ffead277000 	C:\WINDOWS\System32\bcrypt.dll
0x00007ffeae2f0000 - 0x00007ffeae35b000 	C:\WINDOWS\System32\WS2_32.dll
0x00007ffeac000000 - 0x00007ffeac04b000 	C:\WINDOWS\SYSTEM32\POWRPROF.dll
0x00007ffea4980000 - 0x00007ffea49a7000 	C:\WINDOWS\SYSTEM32\WINMM.dll
0x00007ffe9de00000 - 0x00007ffe9de0a000 	C:\WINDOWS\SYSTEM32\VERSION.dll
0x00007ffeabe70000 - 0x00007ffeabe82000 	C:\WINDOWS\SYSTEM32\UMPDC.dll
0x00007ffeab290000 - 0x00007ffeab2a2000 	C:\WINDOWS\SYSTEM32\kernel.appcore.dll
0x00007ffea9ca0000 - 0x00007ffea9caa000 	C:\Program Files\JetBrains\IntelliJ IDEA 2024.3.5\jbr\bin\jimage.dll
0x00007ffeaa640000 - 0x00007ffeaa841000 	C:\WINDOWS\SYSTEM32\DBGHELP.DLL
0x00007ffea4940000 - 0x00007ffea4974000 	C:\WINDOWS\SYSTEM32\dbgcore.DLL
0x00007ffead370000 - 0x00007ffead3f2000 	C:\WINDOWS\System32\bcryptPrimitives.dll
0x00007ffea63e0000 - 0x00007ffea6400000 	C:\Program Files\JetBrains\IntelliJ IDEA 2024.3.5\jbr\bin\java.dll
0x00007ffeae460000 - 0x00007ffeaebce000 	C:\WINDOWS\System32\SHELL32.dll
0x00007ffeaaad0000 - 0x00007ffeab273000 	C:\WINDOWS\SYSTEM32\windows.storage.dll
0x00007ffeadee0000 - 0x00007ffeae233000 	C:\WINDOWS\System32\combase.dll
0x00007ffeac4a0000 - 0x00007ffeac4cb000 	C:\WINDOWS\SYSTEM32\Wldp.dll
0x00007ffeaf010000 - 0x00007ffeaf0dd000 	C:\WINDOWS\System32\OLEAUT32.dll
0x00007ffeae240000 - 0x00007ffeae2ed000 	C:\WINDOWS\System32\SHCORE.dll
0x00007ffeae400000 - 0x00007ffeae455000 	C:\WINDOWS\System32\shlwapi.dll
0x00007ffeac9a0000 - 0x00007ffeac9c5000 	C:\WINDOWS\SYSTEM32\profapi.dll
0x00007ffea3560000 - 0x00007ffea3578000 	C:\Program Files\JetBrains\IntelliJ IDEA 2024.3.5\jbr\bin\zip.dll
0x00007ffea8320000 - 0x00007ffea8330000 	C:\Program Files\JetBrains\IntelliJ IDEA 2024.3.5\jbr\bin\net.dll
0x00007ffea8f50000 - 0x00007ffea905a000 	C:\WINDOWS\SYSTEM32\WINHTTP.dll
0x00007ffeac200000 - 0x00007ffeac26c000 	C:\WINDOWS\system32\mswsock.dll
0x00007ffea25c0000 - 0x00007ffea25d6000 	C:\Program Files\JetBrains\IntelliJ IDEA 2024.3.5\jbr\bin\nio.dll
0x00007ffea77d0000 - 0x00007ffea77de000 	C:\Program Files\JetBrains\IntelliJ IDEA 2024.3.5\jbr\bin\sunmscapi.dll
0x00007ffeacb20000 - 0x00007ffeacc7d000 	C:\WINDOWS\System32\CRYPT32.dll
0x00007ffeac510000 - 0x00007ffeac537000 	C:\WINDOWS\SYSTEM32\ncrypt.dll
0x00007ffeac4d0000 - 0x00007ffeac50b000 	C:\WINDOWS\SYSTEM32\NTASN1.dll
0x00007ffeac3f0000 - 0x00007ffeac408000 	C:\WINDOWS\SYSTEM32\CRYPTSP.dll
0x00007ffeabab0000 - 0x00007ffeabae8000 	C:\WINDOWS\system32\rsaenh.dll
0x00007ffeac920000 - 0x00007ffeac94e000 	C:\WINDOWS\SYSTEM32\USERENV.dll
0x00007ffeac410000 - 0x00007ffeac41c000 	C:\WINDOWS\SYSTEM32\CRYPTBASE.dll
0x00007ffeabe90000 - 0x00007ffeabecb000 	C:\WINDOWS\SYSTEM32\IPHLPAPI.DLL
0x00007ffead6e0000 - 0x00007ffead6e8000 	C:\WINDOWS\System32\NSI.dll
0x00007ffea35c0000 - 0x00007ffea35c7000 	C:\WINDOWS\system32\wshunix.dll
0x00007ffea25b0000 - 0x00007ffea25b9000 	C:\Program Files\JetBrains\IntelliJ IDEA 2024.3.5\jbr\bin\extnet.dll

dbghelp: loaded successfully - version: 4.0.5 - missing functions: none
symbol engine: initialized successfully - sym options: 0x614 - pdb path: .;C:\Program Files\JetBrains\IntelliJ IDEA 2024.3.5\jbr\bin;C:\WINDOWS\SYSTEM32;C:\WINDOWS\WinSxS\amd64_microsoft.windows.common-controls_6595b64144ccf1df_6.0.19041.5794_none_60bcd33171f2783c;C:\Program Files\JetBrains\IntelliJ IDEA 2024.3.5\jbr\bin\server

VM Arguments:
java_command: git4idea.http.GitAskPassApp Username for 'https://github.com': 
java_class_path (initial): C:/Program Files/JetBrains/IntelliJ IDEA 2024.3.5/plugins/vcs-git/lib/git4idea-rt.jar;C:/Program Files/JetBrains/IntelliJ IDEA 2024.3.5/lib/externalProcess-rt.jar
Launcher Type: SUN_STANDARD

[Global flags]
     intx CICompilerCount                          = 4                                         {product} {ergonomic}
     uint ConcGCThreads                            = 2                                         {product} {ergonomic}
     uint G1ConcRefinementThreads                  = 8                                         {product} {ergonomic}
   size_t G1HeapRegionSize                         = 2097152                                   {product} {ergonomic}
    uintx GCDrainStackTargetSize                   = 64                                        {product} {ergonomic}
   size_t InitialHeapSize                          = 264241152                                 {product} {ergonomic}
   size_t MarkStackSize                            = 4194304                                   {product} {ergonomic}
   size_t MaxHeapSize                              = 4227858432                                {product} {ergonomic}
   size_t MaxNewSize                               = 2535456768                                {product} {ergonomic}
   size_t MinHeapDeltaBytes                        = 2097152                                   {product} {ergonomic}
   size_t MinHeapSize                              = 8388608                                   {product} {ergonomic}
    uintx NonNMethodCodeHeapSize                   = 5839372                                {pd product} {ergonomic}
    uintx NonProfiledCodeHeapSize                  = 122909434                              {pd product} {ergonomic}
    uintx ProfiledCodeHeapSize                     = 122909434                              {pd product} {ergonomic}
    uintx ReservedCodeCacheSize                    = 251658240                              {pd product} {ergonomic}
     bool SegmentedCodeCache                       = true                                      {product} {ergonomic}
   size_t SoftMaxHeapSize                          = 4227858432                             {manageable} {ergonomic}
     bool UseCompressedOops                        = true                           {product lp64_product} {ergonomic}
     bool UseG1GC                                  = true                                      {product} {ergonomic}
     bool UseLargePagesIndividualAllocation        = false                                  {pd product} {ergonomic}

Logging:
Log output configuration:
 #0: stdout all=warning uptime,level,tags foldmultilines=false
 #1: stderr all=off uptime,level,tags foldmultilines=false

Environment Variables:
PATH=C:\Program Files\Git\mingw64\libexec\git-core;C:\Program Files\Git\mingw64\libexec\git-core;C:\Program Files\Git\mingw64\bin;C:\Program Files\Git\usr\bin;C:\Users\doans\bin;C:\Program Files\Common Files\Oracle\Java\javapath;C:\WINDOWS\system32;C:\WINDOWS;C:\WINDOWS\System32\Wbem;C:\WINDOWS\System32\WindowsPowerShell\v1.0;C:\WINDOWS\System32\OpenSSH;C:\Program Files\Git\cmd;C:\Program Files\Maven\apache-maven-3.9.9\bin;C:\Users\doans\scoop\apps\maven\current\bin;C:\Users\doans\scoop\shims;C:\Users\doans\AppData\Local\Microsoft\WindowsApps;C:\Users\doans\AppData\Local\GitHubDesktop\bin;C:\Users\doans\AppData\Local\Programs\Microsoft VS Code\bin
USERNAME=doans
DISPLAY=:0.0
LC_ALL=en_US.UTF-8
TERM=xterm-256color
TMPDIR=C:\Users\doans\AppData\Local\Temp
OS=Windows_NT
PROCESSOR_IDENTIFIER=Intel64 Family 6 Model 140 Stepping 1, GenuineIntel
TMP=C:\Users\doans\AppData\Local\Temp
TEMP=C:\Users\doans\AppData\Local\Temp




Periodic native trim disabled

JNI global refs:
JNI global refs: 19, weak refs: 1

JNI global refs memory usage: 835, weak refs: 833

Process memory usage:
Resident Set Size: 71432K (0% of 16509732K total physical memory with 1574188K free physical memory)

OOME stack traces (most recent first):
Classloader memory used:
Loader bootstrap                                                                       : 6381K
Loader jdk.internal.loader.ClassLoaders$PlatformClassLoader                            : 1578K
Loader jdk.internal.loader.ClassLoaders$AppClassLoader                                 : 16400B

---------------  S Y S T E M  ---------------

OS:
 Windows 10 , 64 bit Build 19041 (10.0.19041.5794)
OS uptime: 0 days 8:34 hours

CPU: total 8 (initial active 8) (4 cores per cpu, 2 threads per core) family 6 model 140 stepping 1 microcode 0xba, cx8, cmov, fxsr, ht, mmx, 3dnowpref, sse, sse2, sse3, ssse3, sse4.1, sse4.2, popcnt, lzcnt, tsc, tscinvbit, avx, avx2, aes, erms, clmul, bmi1, bmi2, adx, avx512f, avx512dq, avx512cd, avx512bw, avx512vl, sha, fma, vzeroupper, avx512_vpopcntdq, avx512_vpclmulqdq, avx512_vaes, avx512_vnni, clflush, clflushopt, clwb, avx512_vbmi2, avx512_vbmi, rdtscp, rdpid, fsrm, gfni, avx512_bitalg, f16c, pku, cet_ibt, cet_ss, avx512_ifma
Processor Information for the first 8 processors :
  Max Mhz: 2611, Current Mhz: 2611, Mhz Limit: 2611

Memory: 4k page, system-wide physical 16122M (1536M free)
TotalPageFile size 16122M (AvailPageFile size 6M)
current process WorkingSet (physical memory assigned to process): 70M, peak: 70M
current process commit charge ("private bytes"): 350M, peak: 350M

vm_info: OpenJDK 64-Bit Server VM (21.0.6+9-b895.109) for windows-amd64 JRE (21.0.6+9-b895.109), built on 2025-03-26 by "builduser" with MS VC++ 16.10 / 16.11 (VS2019)

END.
